The system is: Linux - 2.6.32-696.10.1.el6.x86_64 - x86_64
Compiling the C compiler identification source file "CMakeCCompilerId.c" succeeded.
Compiler: /usr/local/bin/gcc 
Build flags: 
Id flags: 

The output was:
0


Compilation of the C compiler identification source "CMakeCCompilerId.c" produced "a.out"

The C compiler identification is GNU, found in "/home/workspace/client/build/CMakeFiles/2.8.12.2/CompilerIdC/a.out"

Compiling the CXX compiler identification source file "CMakeCXXCompilerId.cpp" succeeded.
Compiler: /usr/local/bin/c++ 
Build flags: 
Id flags: 

The output was:
0


Compilation of the CXX compiler identification source "CMakeCXXCompilerId.cpp" produced "a.out"

The CXX compiler identification is GNU, found in "/home/workspace/client/build/CMakeFiles/2.8.12.2/CompilerIdCXX/a.out"

Determining if the C compiler works passed with the following output:
Change Dir: /home/workspace/client/build/CMakeFiles/CMakeTmp

Run Build Command:/usr/bin/gmake "cmTryCompileExec4032619975/fast"
/usr/bin/gmake -f CMakeFiles/cmTryCompileExec4032619975.dir/build.make CMakeFiles/cmTryCompileExec4032619975.dir/build
gmake[1]: Entering directory `/home/workspace/client/build/CMakeFiles/CMakeTmp'
/usr/bin/cmake -E cmake_progress_report /home/workspace/client/build/CMakeFiles/CMakeTmp/CMakeFiles 1
Building C object CMakeFiles/cmTryCompileExec4032619975.dir/testCCompiler.c.o
/usr/local/bin/gcc    -o CMakeFiles/cmTryCompileExec4032619975.dir/testCCompiler.c.o   -c /home/workspace/client/build/CMakeFiles/CMakeTmp/testCCompiler.c
Linking C executable cmTryCompileExec4032619975
/usr/bin/cmake -E cmake_link_script CMakeFiles/cmTryCompileExec4032619975.dir/link.txt --verbose=1
/usr/local/bin/gcc       CMakeFiles/cmTryCompileExec4032619975.dir/testCCompiler.c.o  -o cmTryCompileExec4032619975 -rdynamic 
gmake[1]: Leaving directory `/home/workspace/client/build/CMakeFiles/CMakeTmp'


Detecting C compiler ABI info compiled with the following output:
Change Dir: /home/workspace/client/build/CMakeFiles/CMakeTmp

Run Build Command:/usr/bin/gmake "cmTryCompileExec62258783/fast"
/usr/bin/gmake -f CMakeFiles/cmTryCompileExec62258783.dir/build.make CMakeFiles/cmTryCompileExec62258783.dir/build
gmake[1]: Entering directory `/home/workspace/client/build/CMakeFiles/CMakeTmp'
/usr/bin/cmake -E cmake_progress_report /home/workspace/client/build/CMakeFiles/CMakeTmp/CMakeFiles 1
Building C object CMakeFiles/cmTryCompileExec62258783.dir/CMakeCCompilerABI.c.o
/usr/local/bin/gcc    -o CMakeFiles/cmTryCompileExec62258783.dir/CMakeCCompilerABI.c.o   -c /usr/share/cmake/Modules/CMakeCCompilerABI.c
Linking C executable cmTryCompileExec62258783
/usr/bin/cmake -E cmake_link_script CMakeFiles/cmTryCompileExec62258783.dir/link.txt --verbose=1
/usr/local/bin/gcc     -v CMakeFiles/cmTryCompileExec62258783.dir/CMakeCCompilerABI.c.o  -o cmTryCompileExec62258783 -rdynamic  
Using built-in specs.
COLLECT_GCC=/usr/local/bin/gcc
COLLECT_LTO_WRAPPER=/usr/local/libexec/gcc/x86_64-pc-linux-gnu/8.2.0/lto-wrapper
Target: x86_64-pc-linux-gnu
Configured with: ../configure -enable-checking=release -enable-languages=c,c++ -disable-multilib
Thread model: posix
gcc version 8.2.0 (GCC) 
COMPILER_PATH=/usr/local/libexec/gcc/x86_64-pc-linux-gnu/8.2.0/:/usr/local/libexec/gcc/x86_64-pc-linux-gnu/8.2.0/:/usr/local/libexec/gcc/x86_64-pc-linux-gnu/:/usr/local/lib/gcc/x86_64-pc-linux-gnu/8.2.0/:/usr/local/lib/gcc/x86_64-pc-linux-gnu/
LIBRARY_PATH=/usr/local/lib/gcc/x86_64-pc-linux-gnu/8.2.0/:/usr/local/lib/gcc/x86_64-pc-linux-gnu/8.2.0/../../../../lib64/:/lib/../lib64/:/usr/lib/../lib64/:./:/usr/local/boost/lib/:/usr/local/lib/gcc/x86_64-pc-linux-gnu/8.2.0/../../../:/lib/:/usr/lib/
COLLECT_GCC_OPTIONS='-v' '-o' 'cmTryCompileExec62258783' '-rdynamic' '-mtune=generic' '-march=x86-64'
 /usr/local/libexec/gcc/x86_64-pc-linux-gnu/8.2.0/collect2 --eh-frame-hdr -m elf_x86_64 -export-dynamic -dynamic-linker /lib64/ld-linux-x86-64.so.2 -o cmTryCompileExec62258783 /usr/lib/../lib64/crt1.o /usr/lib/../lib64/crti.o /usr/local/lib/gcc/x86_64-pc-linux-gnu/8.2.0/crtbegin.o -L/usr/local/lib/gcc/x86_64-pc-linux-gnu/8.2.0 -L/usr/local/lib/gcc/x86_64-pc-linux-gnu/8.2.0/../../../../lib64 -L/lib/../lib64 -L/usr/lib/../lib64 -L. -L/usr/local/boost/lib -L/usr/local/lib/gcc/x86_64-pc-linux-gnu/8.2.0/../../.. CMakeFiles/cmTryCompileExec62258783.dir/CMakeCCompilerABI.c.o -lgcc --as-needed -lgcc_s --no-as-needed -lc -lgcc --as-needed -lgcc_s --no-as-needed /usr/local/lib/gcc/x86_64-pc-linux-gnu/8.2.0/crtend.o /usr/lib/../lib64/crtn.o
COLLECT_GCC_OPTIONS='-v' '-o' 'cmTryCompileExec62258783' '-rdynamic' '-mtune=generic' '-march=x86-64'
gmake[1]: Leaving directory `/home/workspace/client/build/CMakeFiles/CMakeTmp'


Parsed C implicit link information from above output:
  link line regex: [^( *|.*[/\])(ld|([^/\]+-)?ld|collect2)[^/\]*( |$)]
  ignore line: [Change Dir: /home/workspace/client/build/CMakeFiles/CMakeTmp]
  ignore line: []
  ignore line: [Run Build Command:/usr/bin/gmake "cmTryCompileExec62258783/fast"]
  ignore line: [/usr/bin/gmake -f CMakeFiles/cmTryCompileExec62258783.dir/build.make CMakeFiles/cmTryCompileExec62258783.dir/build]
  ignore line: [gmake[1]: Entering directory `/home/workspace/client/build/CMakeFiles/CMakeTmp']
  ignore line: [/usr/bin/cmake -E cmake_progress_report /home/workspace/client/build/CMakeFiles/CMakeTmp/CMakeFiles 1]
  ignore line: [Building C object CMakeFiles/cmTryCompileExec62258783.dir/CMakeCCompilerABI.c.o]
  ignore line: [/usr/local/bin/gcc    -o CMakeFiles/cmTryCompileExec62258783.dir/CMakeCCompilerABI.c.o   -c /usr/share/cmake/Modules/CMakeCCompilerABI.c]
  ignore line: [Linking C executable cmTryCompileExec62258783]
  ignore line: [/usr/bin/cmake -E cmake_link_script CMakeFiles/cmTryCompileExec62258783.dir/link.txt --verbose=1]
  ignore line: [/usr/local/bin/gcc     -v CMakeFiles/cmTryCompileExec62258783.dir/CMakeCCompilerABI.c.o  -o cmTryCompileExec62258783 -rdynamic  ]
  ignore line: [Using built-in specs.]
  ignore line: [COLLECT_GCC=/usr/local/bin/gcc]
  ignore line: [COLLECT_LTO_WRAPPER=/usr/local/libexec/gcc/x86_64-pc-linux-gnu/8.2.0/lto-wrapper]
  ignore line: [Target: x86_64-pc-linux-gnu]
  ignore line: [Configured with: ../configure -enable-checking=release -enable-languages=c,c++ -disable-multilib]
  ignore line: [Thread model: posix]
  ignore line: [gcc version 8.2.0 (GCC) ]
  ignore line: [COMPILER_PATH=/usr/local/libexec/gcc/x86_64-pc-linux-gnu/8.2.0/:/usr/local/libexec/gcc/x86_64-pc-linux-gnu/8.2.0/:/usr/local/libexec/gcc/x86_64-pc-linux-gnu/:/usr/local/lib/gcc/x86_64-pc-linux-gnu/8.2.0/:/usr/local/lib/gcc/x86_64-pc-linux-gnu/]
  ignore line: [LIBRARY_PATH=/usr/local/lib/gcc/x86_64-pc-linux-gnu/8.2.0/:/usr/local/lib/gcc/x86_64-pc-linux-gnu/8.2.0/../../../../lib64/:/lib/../lib64/:/usr/lib/../lib64/:./:/usr/local/boost/lib/:/usr/local/lib/gcc/x86_64-pc-linux-gnu/8.2.0/../../../:/lib/:/usr/lib/]
  ignore line: [COLLECT_GCC_OPTIONS='-v' '-o' 'cmTryCompileExec62258783' '-rdynamic' '-mtune=generic' '-march=x86-64']
  link line: [ /usr/local/libexec/gcc/x86_64-pc-linux-gnu/8.2.0/collect2 --eh-frame-hdr -m elf_x86_64 -export-dynamic -dynamic-linker /lib64/ld-linux-x86-64.so.2 -o cmTryCompileExec62258783 /usr/lib/../lib64/crt1.o /usr/lib/../lib64/crti.o /usr/local/lib/gcc/x86_64-pc-linux-gnu/8.2.0/crtbegin.o -L/usr/local/lib/gcc/x86_64-pc-linux-gnu/8.2.0 -L/usr/local/lib/gcc/x86_64-pc-linux-gnu/8.2.0/../../../../lib64 -L/lib/../lib64 -L/usr/lib/../lib64 -L. -L/usr/local/boost/lib -L/usr/local/lib/gcc/x86_64-pc-linux-gnu/8.2.0/../../.. CMakeFiles/cmTryCompileExec62258783.dir/CMakeCCompilerABI.c.o -lgcc --as-needed -lgcc_s --no-as-needed -lc -lgcc --as-needed -lgcc_s --no-as-needed /usr/local/lib/gcc/x86_64-pc-linux-gnu/8.2.0/crtend.o /usr/lib/../lib64/crtn.o]
    arg [/usr/local/libexec/gcc/x86_64-pc-linux-gnu/8.2.0/collect2] ==> ignore
    arg [--eh-frame-hdr] ==> ignore
    arg [-m] ==> ignore
    arg [elf_x86_64] ==> ignore
    arg [-export-dynamic] ==> ignore
    arg [-dynamic-linker] ==> ignore
    arg [/lib64/ld-linux-x86-64.so.2] ==> ignore
    arg [-o] ==> ignore
    arg [cmTryCompileExec62258783] ==> ignore
    arg [/usr/lib/../lib64/crt1.o] ==> ignore
    arg [/usr/lib/../lib64/crti.o] ==> ignore
    arg [/usr/local/lib/gcc/x86_64-pc-linux-gnu/8.2.0/crtbegin.o] ==> ignore
    arg [-L/usr/local/lib/gcc/x86_64-pc-linux-gnu/8.2.0] ==> dir [/usr/local/lib/gcc/x86_64-pc-linux-gnu/8.2.0]
    arg [-L/usr/local/lib/gcc/x86_64-pc-linux-gnu/8.2.0/../../../../lib64] ==> dir [/usr/local/lib/gcc/x86_64-pc-linux-gnu/8.2.0/../../../../lib64]
    arg [-L/lib/../lib64] ==> dir [/lib/../lib64]
    arg [-L/usr/lib/../lib64] ==> dir [/usr/lib/../lib64]
    arg [-L.] ==> ignore
    arg [-L/usr/local/boost/lib] ==> dir [/usr/local/boost/lib]
    arg [-L/usr/local/lib/gcc/x86_64-pc-linux-gnu/8.2.0/../../..] ==> dir [/usr/local/lib/gcc/x86_64-pc-linux-gnu/8.2.0/../../..]
    arg [CMakeFiles/cmTryCompileExec62258783.dir/CMakeCCompilerABI.c.o] ==> ignore
    arg [-lgcc] ==> lib [gcc]
    arg [--as-needed] ==> ignore
    arg [-lgcc_s] ==> lib [gcc_s]
    arg [--no-as-needed] ==> ignore
    arg [-lc] ==> lib [c]
    arg [-lgcc] ==> lib [gcc]
    arg [--as-needed] ==> ignore
    arg [-lgcc_s] ==> lib [gcc_s]
    arg [--no-as-needed] ==> ignore
    arg [/usr/local/lib/gcc/x86_64-pc-linux-gnu/8.2.0/crtend.o] ==> ignore
    arg [/usr/lib/../lib64/crtn.o] ==> ignore
  remove lib [gcc]
  remove lib [gcc_s]
  remove lib [gcc]
  remove lib [gcc_s]
  collapse library dir [/usr/local/lib/gcc/x86_64-pc-linux-gnu/8.2.0] ==> [/usr/local/lib/gcc/x86_64-pc-linux-gnu/8.2.0]
  collapse library dir [/usr/local/lib/gcc/x86_64-pc-linux-gnu/8.2.0/../../../../lib64] ==> [/usr/local/lib64]
  collapse library dir [/lib/../lib64] ==> [/lib64]
  collapse library dir [/usr/lib/../lib64] ==> [/usr/lib64]
  collapse library dir [/usr/local/boost/lib] ==> [/usr/local/boost/lib]
  collapse library dir [/usr/local/lib/gcc/x86_64-pc-linux-gnu/8.2.0/../../..] ==> [/usr/local/lib]
  implicit libs: [c]
  implicit dirs: [/usr/local/lib/gcc/x86_64-pc-linux-gnu/8.2.0;/usr/local/lib64;/lib64;/usr/lib64;/usr/local/boost/lib;/usr/local/lib]
  implicit fwks: []


Determining if the CXX compiler works passed with the following output:
Change Dir: /home/workspace/client/build/CMakeFiles/CMakeTmp

Run Build Command:/usr/bin/gmake "cmTryCompileExec2111325748/fast"
/usr/bin/gmake -f CMakeFiles/cmTryCompileExec2111325748.dir/build.make CMakeFiles/cmTryCompileExec2111325748.dir/build
gmake[1]: Entering directory `/home/workspace/client/build/CMakeFiles/CMakeTmp'
/usr/bin/cmake -E cmake_progress_report /home/workspace/client/build/CMakeFiles/CMakeTmp/CMakeFiles 1
Building CXX object CMakeFiles/cmTryCompileExec2111325748.dir/testCXXCompiler.cxx.o
/usr/local/bin/c++     -o CMakeFiles/cmTryCompileExec2111325748.dir/testCXXCompiler.cxx.o -c /home/workspace/client/build/CMakeFiles/CMakeTmp/testCXXCompiler.cxx
Linking CXX executable cmTryCompileExec2111325748
/usr/bin/cmake -E cmake_link_script CMakeFiles/cmTryCompileExec2111325748.dir/link.txt --verbose=1
/usr/local/bin/c++        CMakeFiles/cmTryCompileExec2111325748.dir/testCXXCompiler.cxx.o  -o cmTryCompileExec2111325748 -rdynamic 
gmake[1]: Leaving directory `/home/workspace/client/build/CMakeFiles/CMakeTmp'


Detecting CXX compiler ABI info compiled with the following output:
Change Dir: /home/workspace/client/build/CMakeFiles/CMakeTmp

Run Build Command:/usr/bin/gmake "cmTryCompileExec254999072/fast"
/usr/bin/gmake -f CMakeFiles/cmTryCompileExec254999072.dir/build.make CMakeFiles/cmTryCompileExec254999072.dir/build
gmake[1]: Entering directory `/home/workspace/client/build/CMakeFiles/CMakeTmp'
/usr/bin/cmake -E cmake_progress_report /home/workspace/client/build/CMakeFiles/CMakeTmp/CMakeFiles 1
Building CXX object CMakeFiles/cmTryCompileExec254999072.dir/CMakeCXXCompilerABI.cpp.o
/usr/local/bin/c++     -o CMakeFiles/cmTryCompileExec254999072.dir/CMakeCXXCompilerABI.cpp.o -c /usr/share/cmake/Modules/CMakeCXXCompilerABI.cpp
Linking CXX executable cmTryCompileExec254999072
/usr/bin/cmake -E cmake_link_script CMakeFiles/cmTryCompileExec254999072.dir/link.txt --verbose=1
/usr/local/bin/c++      -v CMakeFiles/cmTryCompileExec254999072.dir/CMakeCXXCompilerABI.cpp.o  -o cmTryCompileExec254999072 -rdynamic  
Using built-in specs.
COLLECT_GCC=/usr/local/bin/c++
COLLECT_LTO_WRAPPER=/usr/local/libexec/gcc/x86_64-pc-linux-gnu/8.2.0/lto-wrapper
Target: x86_64-pc-linux-gnu
Configured with: ../configure -enable-checking=release -enable-languages=c,c++ -disable-multilib
Thread model: posix
gcc version 8.2.0 (GCC) 
COMPILER_PATH=/usr/local/libexec/gcc/x86_64-pc-linux-gnu/8.2.0/:/usr/local/libexec/gcc/x86_64-pc-linux-gnu/8.2.0/:/usr/local/libexec/gcc/x86_64-pc-linux-gnu/:/usr/local/lib/gcc/x86_64-pc-linux-gnu/8.2.0/:/usr/local/lib/gcc/x86_64-pc-linux-gnu/
LIBRARY_PATH=/usr/local/lib/gcc/x86_64-pc-linux-gnu/8.2.0/:/usr/local/lib/gcc/x86_64-pc-linux-gnu/8.2.0/../../../../lib64/:/lib/../lib64/:/usr/lib/../lib64/:./:/usr/local/boost/lib/:/usr/local/lib/gcc/x86_64-pc-linux-gnu/8.2.0/../../../:/lib/:/usr/lib/
COLLECT_GCC_OPTIONS='-v' '-o' 'cmTryCompileExec254999072' '-rdynamic' '-shared-libgcc' '-mtune=generic' '-march=x86-64'
 /usr/local/libexec/gcc/x86_64-pc-linux-gnu/8.2.0/collect2 --eh-frame-hdr -m elf_x86_64 -export-dynamic -dynamic-linker /lib64/ld-linux-x86-64.so.2 -o cmTryCompileExec254999072 /usr/lib/../lib64/crt1.o /usr/lib/../lib64/crti.o /usr/local/lib/gcc/x86_64-pc-linux-gnu/8.2.0/crtbegin.o -L/usr/local/lib/gcc/x86_64-pc-linux-gnu/8.2.0 -L/usr/local/lib/gcc/x86_64-pc-linux-gnu/8.2.0/../../../../lib64 -L/lib/../lib64 -L/usr/lib/../lib64 -L. -L/usr/local/boost/lib -L/usr/local/lib/gcc/x86_64-pc-linux-gnu/8.2.0/../../.. CMakeFiles/cmTryCompileExec254999072.dir/CMakeCXXCompilerABI.cpp.o -lstdc++ -lm -lgcc_s -lgcc -lc -lgcc_s -lgcc /usr/local/lib/gcc/x86_64-pc-linux-gnu/8.2.0/crtend.o /usr/lib/../lib64/crtn.o
COLLECT_GCC_OPTIONS='-v' '-o' 'cmTryCompileExec254999072' '-rdynamic' '-shared-libgcc' '-mtune=generic' '-march=x86-64'
gmake[1]: Leaving directory `/home/workspace/client/build/CMakeFiles/CMakeTmp'


Parsed CXX implicit link information from above output:
  link line regex: [^( *|.*[/\])(ld|([^/\]+-)?ld|collect2)[^/\]*( |$)]
  ignore line: [Change Dir: /home/workspace/client/build/CMakeFiles/CMakeTmp]
  ignore line: []
  ignore line: [Run Build Command:/usr/bin/gmake "cmTryCompileExec254999072/fast"]
  ignore line: [/usr/bin/gmake -f CMakeFiles/cmTryCompileExec254999072.dir/build.make CMakeFiles/cmTryCompileExec254999072.dir/build]
  ignore line: [gmake[1]: Entering directory `/home/workspace/client/build/CMakeFiles/CMakeTmp']
  ignore line: [/usr/bin/cmake -E cmake_progress_report /home/workspace/client/build/CMakeFiles/CMakeTmp/CMakeFiles 1]
  ignore line: [Building CXX object CMakeFiles/cmTryCompileExec254999072.dir/CMakeCXXCompilerABI.cpp.o]
  ignore line: [/usr/local/bin/c++     -o CMakeFiles/cmTryCompileExec254999072.dir/CMakeCXXCompilerABI.cpp.o -c /usr/share/cmake/Modules/CMakeCXXCompilerABI.cpp]
  ignore line: [Linking CXX executable cmTryCompileExec254999072]
  ignore line: [/usr/bin/cmake -E cmake_link_script CMakeFiles/cmTryCompileExec254999072.dir/link.txt --verbose=1]
  ignore line: [/usr/local/bin/c++      -v CMakeFiles/cmTryCompileExec254999072.dir/CMakeCXXCompilerABI.cpp.o  -o cmTryCompileExec254999072 -rdynamic  ]
  ignore line: [Using built-in specs.]
  ignore line: [COLLECT_GCC=/usr/local/bin/c++]
  ignore line: [COLLECT_LTO_WRAPPER=/usr/local/libexec/gcc/x86_64-pc-linux-gnu/8.2.0/lto-wrapper]
  ignore line: [Target: x86_64-pc-linux-gnu]
  ignore line: [Configured with: ../configure -enable-checking=release -enable-languages=c,c++ -disable-multilib]
  ignore line: [Thread model: posix]
  ignore line: [gcc version 8.2.0 (GCC) ]
  ignore line: [COMPILER_PATH=/usr/local/libexec/gcc/x86_64-pc-linux-gnu/8.2.0/:/usr/local/libexec/gcc/x86_64-pc-linux-gnu/8.2.0/:/usr/local/libexec/gcc/x86_64-pc-linux-gnu/:/usr/local/lib/gcc/x86_64-pc-linux-gnu/8.2.0/:/usr/local/lib/gcc/x86_64-pc-linux-gnu/]
  ignore line: [LIBRARY_PATH=/usr/local/lib/gcc/x86_64-pc-linux-gnu/8.2.0/:/usr/local/lib/gcc/x86_64-pc-linux-gnu/8.2.0/../../../../lib64/:/lib/../lib64/:/usr/lib/../lib64/:./:/usr/local/boost/lib/:/usr/local/lib/gcc/x86_64-pc-linux-gnu/8.2.0/../../../:/lib/:/usr/lib/]
  ignore line: [COLLECT_GCC_OPTIONS='-v' '-o' 'cmTryCompileExec254999072' '-rdynamic' '-shared-libgcc' '-mtune=generic' '-march=x86-64']
  link line: [ /usr/local/libexec/gcc/x86_64-pc-linux-gnu/8.2.0/collect2 --eh-frame-hdr -m elf_x86_64 -export-dynamic -dynamic-linker /lib64/ld-linux-x86-64.so.2 -o cmTryCompileExec254999072 /usr/lib/../lib64/crt1.o /usr/lib/../lib64/crti.o /usr/local/lib/gcc/x86_64-pc-linux-gnu/8.2.0/crtbegin.o -L/usr/local/lib/gcc/x86_64-pc-linux-gnu/8.2.0 -L/usr/local/lib/gcc/x86_64-pc-linux-gnu/8.2.0/../../../../lib64 -L/lib/../lib64 -L/usr/lib/../lib64 -L. -L/usr/local/boost/lib -L/usr/local/lib/gcc/x86_64-pc-linux-gnu/8.2.0/../../.. CMakeFiles/cmTryCompileExec254999072.dir/CMakeCXXCompilerABI.cpp.o -lstdc++ -lm -lgcc_s -lgcc -lc -lgcc_s -lgcc /usr/local/lib/gcc/x86_64-pc-linux-gnu/8.2.0/crtend.o /usr/lib/../lib64/crtn.o]
    arg [/usr/local/libexec/gcc/x86_64-pc-linux-gnu/8.2.0/collect2] ==> ignore
    arg [--eh-frame-hdr] ==> ignore
    arg [-m] ==> ignore
    arg [elf_x86_64] ==> ignore
    arg [-export-dynamic] ==> ignore
    arg [-dynamic-linker] ==> ignore
    arg [/lib64/ld-linux-x86-64.so.2] ==> ignore
    arg [-o] ==> ignore
    arg [cmTryCompileExec254999072] ==> ignore
    arg [/usr/lib/../lib64/crt1.o] ==> ignore
    arg [/usr/lib/../lib64/crti.o] ==> ignore
    arg [/usr/local/lib/gcc/x86_64-pc-linux-gnu/8.2.0/crtbegin.o] ==> ignore
    arg [-L/usr/local/lib/gcc/x86_64-pc-linux-gnu/8.2.0] ==> dir [/usr/local/lib/gcc/x86_64-pc-linux-gnu/8.2.0]
    arg [-L/usr/local/lib/gcc/x86_64-pc-linux-gnu/8.2.0/../../../../lib64] ==> dir [/usr/local/lib/gcc/x86_64-pc-linux-gnu/8.2.0/../../../../lib64]
    arg [-L/lib/../lib64] ==> dir [/lib/../lib64]
    arg [-L/usr/lib/../lib64] ==> dir [/usr/lib/../lib64]
    arg [-L.] ==> ignore
    arg [-L/usr/local/boost/lib] ==> dir [/usr/local/boost/lib]
    arg [-L/usr/local/lib/gcc/x86_64-pc-linux-gnu/8.2.0/../../..] ==> dir [/usr/local/lib/gcc/x86_64-pc-linux-gnu/8.2.0/../../..]
    arg [CMakeFiles/cmTryCompileExec254999072.dir/CMakeCXXCompilerABI.cpp.o] ==> ignore
    arg [-lstdc++] ==> lib [stdc++]
    arg [-lm] ==> lib [m]
    arg [-lgcc_s] ==> lib [gcc_s]
    arg [-lgcc] ==> lib [gcc]
    arg [-lc] ==> lib [c]
    arg [-lgcc_s] ==> lib [gcc_s]
    arg [-lgcc] ==> lib [gcc]
    arg [/usr/local/lib/gcc/x86_64-pc-linux-gnu/8.2.0/crtend.o] ==> ignore
    arg [/usr/lib/../lib64/crtn.o] ==> ignore
  remove lib [gcc_s]
  remove lib [gcc]
  remove lib [gcc_s]
  remove lib [gcc]
  collapse library dir [/usr/local/lib/gcc/x86_64-pc-linux-gnu/8.2.0] ==> [/usr/local/lib/gcc/x86_64-pc-linux-gnu/8.2.0]
  collapse library dir [/usr/local/lib/gcc/x86_64-pc-linux-gnu/8.2.0/../../../../lib64] ==> [/usr/local/lib64]
  collapse library dir [/lib/../lib64] ==> [/lib64]
  collapse library dir [/usr/lib/../lib64] ==> [/usr/lib64]
  collapse library dir [/usr/local/boost/lib] ==> [/usr/local/boost/lib]
  collapse library dir [/usr/local/lib/gcc/x86_64-pc-linux-gnu/8.2.0/../../..] ==> [/usr/local/lib]
  implicit libs: [stdc++;m;c]
  implicit dirs: [/usr/local/lib/gcc/x86_64-pc-linux-gnu/8.2.0;/usr/local/lib64;/lib64;/usr/lib64;/usr/local/boost/lib;/usr/local/lib]
  implicit fwks: []


